<?xml version="1.0" encoding="UTF-8"?>
<!-- Generated by org.testng.reporters.JUnitXMLReporter -->
<testsuite hostname="DESKTOP-13DJ6LQ" ignored="1" name="Test" tests="3" failures="0" timestamp="2020-06-08T21:30:16 ICT" time="0.07" errors="0">
  <testcase name="testCase1" time="0.01" classname="iso.edu.vn.Lab5.GroupExampleTest"/>
  <testcase name="testCase2" time="0.002" classname="iso.edu.vn.Lab5.GroupExampleTest"/>
  <testcase name="testCase3" time="0.002" classname="iso.edu.vn.Lab5.GroupExampleTest"/>
  <testcase name="testCase4" time="0.0" classname="iso.edu.vn.Lab5.GroupExampleTest">
    <ignored/>
  </testcase> <!-- testCase4 -->
</testsuite> <!-- Test -->
